
**** Build of configuration Debug for project TestApp_Vision ****

make all 
Building file: C:/RobotRacers/CultOfSkaro/SDK/drivers/plb_vision_v1_00_a/src/plb_vision.c
Invoking: PowerPC gcc compiler
powerpc-eabi-gcc -Wall -O0 -g3 -I"C:\RobotRacers\CultOfSkaro\SDK\common" -I"C:\RobotRacers\CultOfSkaro\SDK\drivers\plb_usb_v1_00_a\src" -I"C:\RobotRacers\CultOfSkaro\SDK\drivers\plb_vision_v1_00_a\src" -I"C:\RobotRacers\CultOfSkaro\SDK\DataTypes" -c -fmessage-length=0 -I../../VisionTest_bsp/ppc405_1/include -MMD -MP -MF"plb_vision_v1_00_a/src/plb_vision.d" -MT"plb_vision_v1_00_a/src/plb_vision.d" -o"plb_vision_v1_00_a/src/plb_vision.o" "C:/RobotRacers/CultOfSkaro/SDK/drivers/plb_vision_v1_00_a/src/plb_vision.c"
C:/RobotRacers/CultOfSkaro/SDK/drivers/plb_vision_v1_00_a/src/plb_vision.c:17:22: error: xcache_l.h: No such file or directory
C:/RobotRacers/CultOfSkaro/SDK/drivers/plb_vision_v1_00_a/src/plb_vision.c:18:25: warning: xpseudo_asm.h: No such file or directory
In file included from C:/RobotRacers/CultOfSkaro/SDK/drivers/plb_vision_v1_00_a/src/plb_vision.c:19:
C:/RobotRacers/CultOfSkaro/SDK/drivers/plb_vision_v1_00_a/src/plb_vision.h:13:26: error: xbasic_types.h: No such file or directory
C:/RobotRacers/CultOfSkaro/SDK/drivers/plb_vision_v1_00_a/src/plb_vision.h:14:21: error: xstatus.h: No such file or directory
C:/RobotRacers/CultOfSkaro/SDK/drivers/plb_vision_v1_00_a/src/plb_vision.h:15:17: error: xio.h: No such file or directory
C:/RobotRacers/CultOfSkaro/SDK/drivers/plb_vision_v1_00_a/src/plb_vision.h:16:25: warning: xparameters.h: No such file or directory
In file included from C:/RobotRacers/CultOfSkaro/SDK/drivers/plb_vision_v1_00_a/src/plb_vision.c:19:
C:/RobotRacers/CultOfSkaro/SDK/drivers/plb_vision_v1_00_a/src/plb_vision.h:119: error: expected specifier-qualifier-list before 'Xuint8'
C:/RobotRacers/CultOfSkaro/SDK/drivers/plb_vision_v1_00_a/src/plb_vision.h:135: error: expected '=', ',', ';', 'asm' or '__attribute__' before 'DAUGHTER_BOARD'
C:/RobotRacers/CultOfSkaro/SDK/drivers/plb_vision_v1_00_a/src/plb_vision.h:265: error: expected ')' before 'frame_id'
C:/RobotRacers/CultOfSkaro/SDK/drivers/plb_vision_v1_00_a/src/plb_vision.h:266: error: expected '=', ',', ';', 'asm' or '__attribute__' before 'GetFrameAddress'
C:/RobotRacers/CultOfSkaro/SDK/drivers/plb_vision_v1_00_a/src/plb_vision.h:267: error: expected '=', ',', ';', 'asm' or '__attribute__' before 'CameraStatus'
C:/RobotRacers/CultOfSkaro/SDK/drivers/plb_vision_v1_00_a/src/plb_vision.h:268: error: expected ')' before 'addr'
C:/RobotRacers/CultOfSkaro/SDK/drivers/plb_vision_v1_00_a/src/plb_vision.h:269: error: expected '=', ',', ';', 'asm' or '__attribute__' before 'ReadCameraRegister'
C:/RobotRacers/CultOfSkaro/SDK/drivers/plb_vision_v1_00_a/src/plb_vision.h:270: error: expected '=', ',', ';', 'asm' or '__attribute__' before 'CalculateImageBufferSize'
C:/RobotRacers/CultOfSkaro/SDK/drivers/plb_vision_v1_00_a/src/plb_vision.h:271: error: expected '=', ',', ';', 'asm' or '__attribute__' before 'GetFrameSaveOptions'
C:/RobotRacers/CultOfSkaro/SDK/drivers/plb_vision_v1_00_a/src/plb_vision.h:272: error: expected '=', ',', ';', 'asm' or '__attribute__' before 'GetPLBBurstSize'
C:/RobotRacers/CultOfSkaro/SDK/drivers/plb_vision_v1_00_a/src/plb_vision.c:25: warning: excess elements in struct initializer
C:/RobotRacers/CultOfSkaro/SDK/drivers/plb_vision_v1_00_a/src/plb_vision.c:25: warning: (near initialization for 'camera0')
C:/RobotRacers/CultOfSkaro/SDK/drivers/plb_vision_v1_00_a/src/plb_vision.c:26: warning: excess elements in struct initializer
C:/RobotRacers/CultOfSkaro/SDK/drivers/plb_vision_v1_00_a/src/plb_vision.c:26: warning: (near initialization for 'camera0')
C:/RobotRacers/CultOfSkaro/SDK/drivers/plb_vision_v1_00_a/src/plb_vision.c:27: warning: excess elements in struct initializer
C:/RobotRacers/CultOfSkaro/SDK/drivers/plb_vision_v1_00_a/src/plb_vision.c:27: warning: (near initialization for 'camera0')
C:/RobotRacers/CultOfSkaro/SDK/drivers/plb_vision_v1_00_a/src/plb_vision.c:28: warning: excess elements in struct initializer
C:/RobotRacers/CultOfSkaro/SDK/drivers/plb_vision_v1_00_a/src/plb_vision.c:28: warning: (near initialization for 'camera0')
C:/RobotRacers/CultOfSkaro/SDK/drivers/plb_vision_v1_00_a/src/plb_vision.c:29: error: 'XPAR_PLB_VISION_0_BASEADDR' undeclared here (not in a function)
C:/RobotRacers/CultOfSkaro/SDK/drivers/plb_vision_v1_00_a/src/plb_vision.c:29: warning: excess elements in struct initializer
C:/RobotRacers/CultOfSkaro/SDK/drivers/plb_vision_v1_00_a/src/plb_vision.c:29: warning: (near initialization for 'camera0')
C:/RobotRacers/CultOfSkaro/SDK/drivers/plb_vision_v1_00_a/src/plb_vision.c:30: warning: excess elements in struct initializer
C:/RobotRacers/CultOfSkaro/SDK/drivers/plb_vision_v1_00_a/src/plb_vision.c:30: warning: (near initialization for 'camera0')
C:/RobotRacers/CultOfSkaro/SDK/drivers/plb_vision_v1_00_a/src/plb_vision.c:31: warning: excess elements in struct initializer
C:/RobotRacers/CultOfSkaro/SDK/drivers/plb_vision_v1_00_a/src/plb_vision.c:31: warning: (near initialization for 'camera0')
C:/RobotRacers/CultOfSkaro/SDK/drivers/plb_vision_v1_00_a/src/plb_vision.c:32: warning: excess elements in struct initializer
C:/RobotRacers/CultOfSkaro/SDK/drivers/plb_vision_v1_00_a/src/plb_vision.c:32: warning: (near initialization for 'camera0')
C:/RobotRacers/CultOfSkaro/SDK/drivers/plb_vision_v1_00_a/src/plb_vision.c:33: error: extra brace group at end of initializer
C:/RobotRacers/CultOfSkaro/SDK/drivers/plb_vision_v1_00_a/src/plb_vision.c:33: error: (near initialization for 'camera0')
C:/RobotRacers/CultOfSkaro/SDK/drivers/plb_vision_v1_00_a/src/plb_vision.c:37: warning: excess elements in struct initializer
C:/RobotRacers/CultOfSkaro/SDK/drivers/plb_vision_v1_00_a/src/plb_vision.c:37: warning: (near initialization for 'camera0')
C:/RobotRacers/CultOfSkaro/SDK/drivers/plb_vision_v1_00_a/src/plb_vision.c:38: error: extra brace group at end of initializer
C:/RobotRacers/CultOfSkaro/SDK/drivers/plb_vision_v1_00_a/src/plb_vision.c:38: error: (near initialization for 'camera0')
C:/RobotRacers/CultOfSkaro/SDK/drivers/plb_vision_v1_00_a/src/plb_vision.c:42: warning: excess elements in struct initializer
C:/RobotRacers/CultOfSkaro/SDK/drivers/plb_vision_v1_00_a/src/plb_vision.c:42: warning: (near initialization for 'camera0')
C:/RobotRacers/CultOfSkaro/SDK/drivers/plb_vision_v1_00_a/src/plb_vision.c:43: error: extra brace group at end of initializer
C:/RobotRacers/CultOfSkaro/SDK/drivers/plb_vision_v1_00_a/src/plb_vision.c:43: error: (near initialization for 'camera0')
C:/RobotRacers/CultOfSkaro/SDK/drivers/plb_vision_v1_00_a/src/plb_vision.c:47: warning: excess elements in struct initializer
C:/RobotRacers/CultOfSkaro/SDK/drivers/plb_vision_v1_00_a/src/plb_vision.c:47: warning: (near initialization for 'camera0')
C:/RobotRacers/CultOfSkaro/SDK/drivers/plb_vision_v1_00_a/src/plb_vision.c:49: error: expected '=', ',', ';', 'asm' or '__attribute__' before 'DAUGHTER_BOARD'
C:/RobotRacers/CultOfSkaro/SDK/drivers/plb_vision_v1_00_a/src/plb_vision.c: In function 'ResetCameraSensor':
C:/RobotRacers/CultOfSkaro/SDK/drivers/plb_vision_v1_00_a/src/plb_vision.c:57: error: 'DAUGHTER_BOARD' undeclared (first use in this function)
C:/RobotRacers/CultOfSkaro/SDK/drivers/plb_vision_v1_00_a/src/plb_vision.c:57: error: (Each undeclared identifier is reported only once
C:/RobotRacers/CultOfSkaro/SDK/drivers/plb_vision_v1_00_a/src/plb_vision.c:57: error: for each function it appears in.)
C:/RobotRacers/CultOfSkaro/SDK/drivers/plb_vision_v1_00_a/src/plb_vision.c:59: warning: implicit declaration of function 'WriteCameraRegister'
C:/RobotRacers/CultOfSkaro/SDK/drivers/plb_vision_v1_00_a/src/plb_vision.c: In function 'DisplayTestPattern':
C:/RobotRacers/CultOfSkaro/SDK/drivers/plb_vision_v1_00_a/src/plb_vision.c:75: error: 'DAUGHTER_BOARD' undeclared (first use in this function)
C:/RobotRacers/CultOfSkaro/SDK/drivers/plb_vision_v1_00_a/src/plb_vision.c:82: warning: implicit declaration of function 'ReadCameraRegister'
C:/RobotRacers/CultOfSkaro/SDK/drivers/plb_vision_v1_00_a/src/plb_vision.c: In function 'DisableTestPattern':
C:/RobotRacers/CultOfSkaro/SDK/drivers/plb_vision_v1_00_a/src/plb_vision.c:92: error: 'DAUGHTER_BOARD' undeclared (first use in this function)
C:/RobotRacers/CultOfSkaro/SDK/drivers/plb_vision_v1_00_a/src/plb_vision.c: At top level:
C:/RobotRacers/CultOfSkaro/SDK/drivers/plb_vision_v1_00_a/src/plb_vision.c:112: error: expected ')' before 'frame_id'
C:/RobotRacers/CultOfSkaro/SDK/drivers/plb_vision_v1_00_a/src/plb_vision.c:133: error: expected '=', ',', ';', 'asm' or '__attribute__' before 'GetFrameAddress'
C:/RobotRacers/CultOfSkaro/SDK/drivers/plb_vision_v1_00_a/src/plb_vision.c:154: error: expected ')' before 'addr'
C:/RobotRacers/CultOfSkaro/SDK/drivers/plb_vision_v1_00_a/src/plb_vision.c:163: error: expected '=', ',', ';', 'asm' or '__attribute__' before 'ReadCameraRegister'
C:/RobotRacers/CultOfSkaro/SDK/drivers/plb_vision_v1_00_a/src/plb_vision.c:187: error: expected '=', ',', ';', 'asm' or '__attribute__' before 'CameraStatus'
C:/RobotRacers/CultOfSkaro/SDK/drivers/plb_vision_v1_00_a/src/plb_vision.c:191: error: expected '=', ',', ';', 'asm' or '__attribute__' before 'CalculateImageBufferSize'
C:/RobotRacers/CultOfSkaro/SDK/drivers/plb_vision_v1_00_a/src/plb_vision.c:226: error: expected '=', ',', ';', 'asm' or '__attribute__' before 'GetFrameSaveOptions'
C:/RobotRacers/CultOfSkaro/SDK/drivers/plb_vision_v1_00_a/src/plb_vision.c:231: error: expected '=', ',', ';', 'asm' or '__attribute__' before 'GetPLBBurstSize'
C:/RobotRacers/CultOfSkaro/SDK/drivers/plb_vision_v1_00_a/src/plb_vision.c: In function 'Init_Camera':
C:/RobotRacers/CultOfSkaro/SDK/drivers/plb_vision_v1_00_a/src/plb_vision.c:244: error: expected ')' before 'Xuint32'
C:/RobotRacers/CultOfSkaro/SDK/drivers/plb_vision_v1_00_a/src/plb_vision.c:244: warning: type defaults to 'int' in declaration of 'type name'
C:/RobotRacers/CultOfSkaro/SDK/drivers/plb_vision_v1_00_a/src/plb_vision.c:245: error: expected ')' before 'Xuint32'
C:/RobotRacers/CultOfSkaro/SDK/drivers/plb_vision_v1_00_a/src/plb_vision.c:245: warning: type defaults to 'int' in declaration of 'type name'
C:/RobotRacers/CultOfSkaro/SDK/drivers/plb_vision_v1_00_a/src/plb_vision.c:245: error: expected ')' before 'Xuint32'
C:/RobotRacers/CultOfSkaro/SDK/drivers/plb_vision_v1_00_a/src/plb_vision.c:245: warning: type defaults to 'int' in declaration of 'type name'
C:/RobotRacers/CultOfSkaro/SDK/drivers/plb_vision_v1_00_a/src/plb_vision.c:245: error: expected ')' before 'Xuint32'
C:/RobotRacers/CultOfSkaro/SDK/drivers/plb_vision_v1_00_a/src/plb_vision.c:245: warning: type defaults to 'int' in declaration of 'type name'
C:/RobotRacers/CultOfSkaro/SDK/drivers/plb_vision_v1_00_a/src/plb_vision.c:245: error: expected ')' before 'Xuint32'
C:/RobotRacers/CultOfSkaro/SDK/drivers/plb_vision_v1_00_a/src/plb_vision.c:245: warning: type defaults to 'int' in declaration of 'type name'
C:/RobotRacers/CultOfSkaro/SDK/drivers/plb_vision_v1_00_a/src/plb_vision.c:246: error: expected ')' before 'Xuint32'
C:/RobotRacers/CultOfSkaro/SDK/drivers/plb_vision_v1_00_a/src/plb_vision.c:246: warning: type defaults to 'int' in declaration of 'type name'
C:/RobotRacers/CultOfSkaro/SDK/drivers/plb_vision_v1_00_a/src/plb_vision.c:246: error: expected ')' before 'Xuint32'
C:/RobotRacers/CultOfSkaro/SDK/drivers/plb_vision_v1_00_a/src/plb_vision.c:246: warning: type defaults to 'int' in declaration of 'type name'
C:/RobotRacers/CultOfSkaro/SDK/drivers/plb_vision_v1_00_a/src/plb_vision.c:246: error: expected ')' before 'Xuint32'
C:/RobotRacers/CultOfSkaro/SDK/drivers/plb_vision_v1_00_a/src/plb_vision.c:246: warning: type defaults to 'int' in declaration of 'type name'
C:/RobotRacers/CultOfSkaro/SDK/drivers/plb_vision_v1_00_a/src/plb_vision.c:246: error: expected ')' before 'Xuint32'
C:/RobotRacers/CultOfSkaro/SDK/drivers/plb_vision_v1_00_a/src/plb_vision.c:246: warning: type defaults to 'int' in declaration of 'type name'
C:/RobotRacers/CultOfSkaro/SDK/drivers/plb_vision_v1_00_a/src/plb_vision.c:248: error: expected ')' before 'Xuint32'
C:/RobotRacers/CultOfSkaro/SDK/drivers/plb_vision_v1_00_a/src/plb_vision.c:248: warning: type defaults to 'int' in declaration of 'type name'
C:/RobotRacers/CultOfSkaro/SDK/drivers/plb_vision_v1_00_a/src/plb_vision.c:249: warning: implicit declaration of function 'ClockDelay'
C:/RobotRacers/CultOfSkaro/SDK/drivers/plb_vision_v1_00_a/src/plb_vision.c:252: error: 'Xuint16' undeclared (first use in this function)
C:/RobotRacers/CultOfSkaro/SDK/drivers/plb_vision_v1_00_a/src/plb_vision.c:252: error: expected ';' before 'CameraVersion'
C:/RobotRacers/CultOfSkaro/SDK/drivers/plb_vision_v1_00_a/src/plb_vision.c:254: warning: implicit declaration of function 'xil_printf'
C:/RobotRacers/CultOfSkaro/SDK/drivers/plb_vision_v1_00_a/src/plb_vision.c:254: error: 'CameraVersion' undeclared (first use in this function)
C:/RobotRacers/CultOfSkaro/SDK/drivers/plb_vision_v1_00_a/src/plb_vision.c:255: error: 'Xuint8' undeclared (first use in this function)
C:/RobotRacers/CultOfSkaro/SDK/drivers/plb_vision_v1_00_a/src/plb_vision.c:255: error: expected ';' before 'spiaddr'
C:/RobotRacers/CultOfSkaro/SDK/drivers/plb_vision_v1_00_a/src/plb_vision.c:272: error: expected ')' before 'Xuint32'
C:/RobotRacers/CultOfSkaro/SDK/drivers/plb_vision_v1_00_a/src/plb_vision.c:272: warning: type defaults to 'int' in declaration of 'type name'
C:/RobotRacers/CultOfSkaro/SDK/drivers/plb_vision_v1_00_a/src/plb_vision.c:272: error: expected ')' before 'Xuint32'
C:/RobotRacers/CultOfSkaro/SDK/drivers/plb_vision_v1_00_a/src/plb_vision.c:272: warning: type defaults to 'int' in declaration of 'type name'
C:/RobotRacers/CultOfSkaro/SDK/drivers/plb_vision_v1_00_a/src/plb_vision.c:272: error: expected ')' before 'Xuint32'
C:/RobotRacers/CultOfSkaro/SDK/drivers/plb_vision_v1_00_a/src/plb_vision.c:272: warning: type defaults to 'int' in declaration of 'type name'
C:/RobotRacers/CultOfSkaro/SDK/drivers/plb_vision_v1_00_a/src/plb_vision.c:272: error: expected ')' before 'Xuint32'
C:/RobotRacers/CultOfSkaro/SDK/drivers/plb_vision_v1_00_a/src/plb_vision.c:272: warning: type defaults to 'int' in declaration of 'type name'
C:/RobotRacers/CultOfSkaro/SDK/drivers/plb_vision_v1_00_a/src/plb_vision.c:274: error: expected ')' before 'Xuint32'
C:/RobotRacers/CultOfSkaro/SDK/drivers/plb_vision_v1_00_a/src/plb_vision.c:274: warning: type defaults to 'int' in declaration of 'type name'
C:/RobotRacers/CultOfSkaro/SDK/drivers/plb_vision_v1_00_a/src/plb_vision.c:274: error: expected ')' before 'Xuint32'
C:/RobotRacers/CultOfSkaro/SDK/drivers/plb_vision_v1_00_a/src/plb_vision.c:274: warning: type defaults to 'int' in declaration of 'type name'
C:/RobotRacers/CultOfSkaro/SDK/drivers/plb_vision_v1_00_a/src/plb_vision.c:274: error: expected ')' before 'Xuint32'
C:/RobotRacers/CultOfSkaro/SDK/drivers/plb_vision_v1_00_a/src/plb_vision.c:274: warning: type defaults to 'int' in declaration of 'type name'
C:/RobotRacers/CultOfSkaro/SDK/drivers/plb_vision_v1_00_a/src/plb_vision.c:274: error: expected ')' before 'Xuint32'
C:/RobotRacers/CultOfSkaro/SDK/drivers/plb_vision_v1_00_a/src/plb_vision.c:274: warning: type defaults to 'int' in declaration of 'type name'
C:/RobotRacers/CultOfSkaro/SDK/drivers/plb_vision_v1_00_a/src/plb_vision.c:288: error: 'DAUGHTER_BOARD' undeclared (first use in this function)
C:/RobotRacers/CultOfSkaro/SDK/drivers/plb_vision_v1_00_a/src/plb_vision.c:298: error: expected ')' before 'Xuint32'
C:/RobotRacers/CultOfSkaro/SDK/drivers/plb_vision_v1_00_a/src/plb_vision.c:298: warning: type defaults to 'int' in declaration of 'type name'
C:/RobotRacers/CultOfSkaro/SDK/drivers/plb_vision_v1_00_a/src/plb_vision.c:298: error: expected ')' before 'Xuint32'
C:/RobotRacers/CultOfSkaro/SDK/drivers/plb_vision_v1_00_a/src/plb_vision.c:298: warning: type defaults to 'int' in declaration of 'type name'
C:/RobotRacers/CultOfSkaro/SDK/drivers/plb_vision_v1_00_a/src/plb_vision.c:298: error: expected ')' before 'Xuint32'
C:/RobotRacers/CultOfSkaro/SDK/drivers/plb_vision_v1_00_a/src/plb_vision.c:298: warning: type defaults to 'int' in declaration of 'type name'
C:/RobotRacers/CultOfSkaro/SDK/drivers/plb_vision_v1_00_a/src/plb_vision.c:298: error: expected ')' before 'Xuint32'
C:/RobotRacers/CultOfSkaro/SDK/drivers/plb_vision_v1_00_a/src/plb_vision.c:298: warning: type defaults to 'int' in declaration of 'type name'
C:/RobotRacers/CultOfSkaro/SDK/drivers/plb_vision_v1_00_a/src/plb_vision.c:299: error: expected ')' before 'Xuint32'
C:/RobotRacers/CultOfSkaro/SDK/drivers/plb_vision_v1_00_a/src/plb_vision.c:299: warning: type defaults to 'int' in declaration of 'type name'
C:/RobotRacers/CultOfSkaro/SDK/drivers/plb_vision_v1_00_a/src/plb_vision.c:328: error: expected ')' before 'Xuint32'
C:/RobotRacers/CultOfSkaro/SDK/drivers/plb_vision_v1_00_a/src/plb_vision.c:328: warning: type defaults to 'int' in declaration of 'type name'
C:/RobotRacers/CultOfSkaro/SDK/drivers/plb_vision_v1_00_a/src/plb_vision.c:328: error: expected ')' before 'Xuint32'
C:/RobotRacers/CultOfSkaro/SDK/drivers/plb_vision_v1_00_a/src/plb_vision.c:328: warning: type defaults to 'int' in declaration of 'type name'
C:/RobotRacers/CultOfSkaro/SDK/drivers/plb_vision_v1_00_a/src/plb_vision.c:328: error: expected ')' before 'Xuint32'
C:/RobotRacers/CultOfSkaro/SDK/drivers/plb_vision_v1_00_a/src/plb_vision.c:328: warning: type defaults to 'int' in declaration of 'type name'
C:/RobotRacers/CultOfSkaro/SDK/drivers/plb_vision_v1_00_a/src/plb_vision.c:328: error: expected ')' before 'Xuint32'
C:/RobotRacers/CultOfSkaro/SDK/drivers/plb_vision_v1_00_a/src/plb_vision.c:328: warning: type defaults to 'int' in declaration of 'type name'
C:/RobotRacers/CultOfSkaro/SDK/drivers/plb_vision_v1_00_a/src/plb_vision.c:256: warning: unused variable 'timeout'
make: *** [plb_vision_v1_00_a/src/plb_vision.o] Error 1
